mode: set
github.com/go-spatial/tegola/geom/encoding/wkb/internal/tcase/symbol/symbol.go:61.27,64.2 2 0
github.com/go-spatial/tegola/geom/encoding/wkb/internal/tcase/symbol/symbol.go:65.79,66.20 1 1
github.com/go-spatial/tegola/geom/encoding/wkb/internal/tcase/symbol/symbol.go:72.2,73.16 2 1
github.com/go-spatial/tegola/geom/encoding/wkb/internal/tcase/symbol/symbol.go:76.2,76.15 1 1
github.com/go-spatial/tegola/geom/encoding/wkb/internal/tcase/symbol/symbol.go:66.20,67.12 1 1
github.com/go-spatial/tegola/geom/encoding/wkb/internal/tcase/symbol/symbol.go:70.3,70.21 1 0
github.com/go-spatial/tegola/geom/encoding/wkb/internal/tcase/symbol/symbol.go:67.12,69.4 1 1
github.com/go-spatial/tegola/geom/encoding/wkb/internal/tcase/symbol/symbol.go:73.16,75.3 1 0
github.com/go-spatial/tegola/geom/encoding/wkb/internal/tcase/symbol/symbol.go:77.36,78.67 1 1
github.com/go-spatial/tegola/geom/encoding/wkb/internal/tcase/symbol/symbol.go:79.36,80.78 1 1
github.com/go-spatial/tegola/geom/encoding/wkb/internal/tcase/symbol/symbol.go:81.11,83.17 2 0
github.com/go-spatial/tegola/geom/encoding/wkb/internal/tcase/symbol/symbol.go:87.3,87.14 1 0
github.com/go-spatial/tegola/geom/encoding/wkb/internal/tcase/symbol/symbol.go:90.3,90.16 1 0
github.com/go-spatial/tegola/geom/encoding/wkb/internal/tcase/symbol/symbol.go:96.3,96.65 1 0
github.com/go-spatial/tegola/geom/encoding/wkb/internal/tcase/symbol/symbol.go:97.11,99.17 2 0
github.com/go-spatial/tegola/geom/encoding/wkb/internal/tcase/symbol/symbol.go:103.3,103.14 1 0
github.com/go-spatial/tegola/geom/encoding/wkb/internal/tcase/symbol/symbol.go:106.3,106.16 1 0
github.com/go-spatial/tegola/geom/encoding/wkb/internal/tcase/symbol/symbol.go:110.3,110.61 1 0
github.com/go-spatial/tegola/geom/encoding/wkb/internal/tcase/symbol/symbol.go:112.10,113.10 1 1
github.com/go-spatial/tegola/geom/encoding/wkb/internal/tcase/symbol/symbol.go:123.3,123.53 1 0
github.com/go-spatial/tegola/geom/encoding/wkb/internal/tcase/symbol/symbol.go:83.17,85.4 1 0
github.com/go-spatial/tegola/geom/encoding/wkb/internal/tcase/symbol/symbol.go:87.14,89.4 1 0
github.com/go-spatial/tegola/geom/encoding/wkb/internal/tcase/symbol/symbol.go:91.12,92.71 1 0
github.com/go-spatial/tegola/geom/encoding/wkb/internal/tcase/symbol/symbol.go:93.12,94.69 1 0
github.com/go-spatial/tegola/geom/encoding/wkb/internal/tcase/symbol/symbol.go:99.17,101.4 1 0
github.com/go-spatial/tegola/geom/encoding/wkb/internal/tcase/symbol/symbol.go:103.14,105.4 1 0
github.com/go-spatial/tegola/geom/encoding/wkb/internal/tcase/symbol/symbol.go:107.12,108.70 1 0
github.com/go-spatial/tegola/geom/encoding/wkb/internal/tcase/symbol/symbol.go:114.31,115.62 1 1
github.com/go-spatial/tegola/geom/encoding/wkb/internal/tcase/symbol/symbol.go:116.33,117.66 1 0
github.com/go-spatial/tegola/geom/encoding/wkb/internal/tcase/symbol/symbol.go:118.31,119.62 1 1
github.com/go-spatial/tegola/geom/encoding/wkb/internal/tcase/symbol/symbol.go:120.32,121.64 1 1
github.com/go-spatial/tegola/geom/encoding/wkb/wkb.go:24.44,26.2 1 0
github.com/go-spatial/tegola/geom/encoding/wkb/wkb.go:32.48,34.2 1 0
github.com/go-spatial/tegola/geom/encoding/wkb/wkb.go:49.59,52.2 2 1
github.com/go-spatial/tegola/geom/encoding/wkb/wkb.go:55.57,58.16 2 1
github.com/go-spatial/tegola/geom/encoding/wkb/wkb.go:61.2,61.13 1 1
github.com/go-spatial/tegola/geom/encoding/wkb/wkb.go:58.16,60.3 1 0
github.com/go-spatial/tegola/geom/encoding/wkb/wkb.go:62.13,64.29 2 1
github.com/go-spatial/tegola/geom/encoding/wkb/wkb.go:65.18,67.35 2 1
github.com/go-spatial/tegola/geom/encoding/wkb/wkb.go:68.18,70.34 2 1
github.com/go-spatial/tegola/geom/encoding/wkb/wkb.go:71.23,73.40 2 1
github.com/go-spatial/tegola/geom/encoding/wkb/wkb.go:74.15,76.31 2 1
github.com/go-spatial/tegola/geom/encoding/wkb/wkb.go:77.20,79.37 2 1
github.com/go-spatial/tegola/geom/encoding/wkb/wkb.go:80.18,82.18 2 1
github.com/go-spatial/tegola/geom/encoding/wkb/wkb.go:83.10,84.42 1 0
github.com/go-spatial/tegola/geom/encoding/wkb/wkb.go:88.57,89.25 1 1
github.com/go-spatial/tegola/geom/encoding/wkb/wkb.go:113.2,113.17 1 1
github.com/go-spatial/tegola/geom/encoding/wkb/wkb.go:90.20,91.21 1 1
github.com/go-spatial/tegola/geom/encoding/wkb/wkb.go:92.25,93.30 1 1
github.com/go-spatial/tegola/geom/encoding/wkb/wkb.go:94.25,95.33 1 1
github.com/go-spatial/tegola/geom/encoding/wkb/wkb.go:96.30,97.40 1 1
github.com/go-spatial/tegola/geom/encoding/wkb/wkb.go:98.22,99.32 1 1
github.com/go-spatial/tegola/geom/encoding/wkb/wkb.go:100.27,101.34 1 1
github.com/go-spatial/tegola/geom/encoding/wkb/wkb.go:102.25,105.28 3 1
github.com/go-spatial/tegola/geom/encoding/wkb/wkb.go:110.10,111.31 1 0
github.com/go-spatial/tegola/geom/encoding/wkb/wkb.go:105.28,106.42 1 1
github.com/go-spatial/tegola/geom/encoding/wkb/wkb.go:106.42,108.5 1 0
github.com/go-spatial/tegola/geom/encoding/wkb/wkb.go:116.58,118.39 2 1
github.com/go-spatial/tegola/geom/encoding/wkb/wkb.go:121.2,121.26 1 1
github.com/go-spatial/tegola/geom/encoding/wkb/wkb.go:118.39,120.3 1 0
github.com/go-spatial/tegola/geom/encoding/wkb/wkb.go:124.49,127.2 2 1
github.com/go-spatial/tegola/geom/encoding/wkb/internal/tcase/token/token.go:20.38,20.64 1 0
github.com/go-spatial/tegola/geom/encoding/wkb/internal/tcase/token/token.go:21.38,21.67 1 1
github.com/go-spatial/tegola/geom/encoding/wkb/internal/tcase/token/token.go:22.38,22.62 1 1
github.com/go-spatial/tegola/geom/encoding/wkb/internal/tcase/token/token.go:23.38,23.61 1 1
github.com/go-spatial/tegola/geom/encoding/wkb/internal/tcase/token/token.go:24.38,24.63 1 1
github.com/go-spatial/tegola/geom/encoding/wkb/internal/tcase/token/token.go:25.38,25.62 1 1
github.com/go-spatial/tegola/geom/encoding/wkb/internal/tcase/token/token.go:26.38,26.65 1 1
github.com/go-spatial/tegola/geom/encoding/wkb/internal/tcase/token/token.go:28.50,29.22 1 1
github.com/go-spatial/tegola/geom/encoding/wkb/internal/tcase/token/token.go:35.2,36.17 2 1
github.com/go-spatial/tegola/geom/encoding/wkb/internal/tcase/token/token.go:29.22,31.16 2 1
github.com/go-spatial/tegola/geom/encoding/wkb/internal/tcase/token/token.go:31.16,33.4 1 0
github.com/go-spatial/tegola/geom/encoding/wkb/internal/tcase/token/token.go:39.60,40.6 1 0
github.com/go-spatial/tegola/geom/encoding/wkb/internal/tcase/token/token.go:58.2,58.17 1 0
github.com/go-spatial/tegola/geom/encoding/wkb/internal/tcase/token/token.go:40.6,41.19 1 0
github.com/go-spatial/tegola/geom/encoding/wkb/internal/tcase/token/token.go:54.3,54.16 1 0
github.com/go-spatial/tegola/geom/encoding/wkb/internal/tcase/token/token.go:42.23,43.20 1 0
github.com/go-spatial/tegola/geom/encoding/wkb/internal/tcase/token/token.go:44.25,47.19 2 0
github.com/go-spatial/tegola/geom/encoding/wkb/internal/tcase/token/token.go:48.36,49.19 1 0
github.com/go-spatial/tegola/geom/encoding/wkb/internal/tcase/token/token.go:50.11,52.45 2 0
github.com/go-spatial/tegola/geom/encoding/wkb/internal/tcase/token/token.go:54.16,55.9 1 0
github.com/go-spatial/tegola/geom/encoding/wkb/internal/tcase/token/token.go:62.60,63.34 1 1
github.com/go-spatial/tegola/geom/encoding/wkb/internal/tcase/token/token.go:66.2,68.40 3 1
github.com/go-spatial/tegola/geom/encoding/wkb/internal/tcase/token/token.go:63.34,65.3 1 0
github.com/go-spatial/tegola/geom/encoding/wkb/internal/tcase/token/token.go:71.56,73.32 2 1
github.com/go-spatial/tegola/geom/encoding/wkb/internal/tcase/token/token.go:76.2,77.15 2 1
github.com/go-spatial/tegola/geom/encoding/wkb/internal/tcase/token/token.go:89.2,89.78 1 0
github.com/go-spatial/tegola/geom/encoding/wkb/internal/tcase/token/token.go:73.32,75.3 1 0
github.com/go-spatial/tegola/geom/encoding/wkb/internal/tcase/token/token.go:77.15,78.35 1 1
github.com/go-spatial/tegola/geom/encoding/wkb/internal/tcase/token/token.go:81.3,81.36 1 1
github.com/go-spatial/tegola/geom/encoding/wkb/internal/tcase/token/token.go:87.3,87.42 1 1
github.com/go-spatial/tegola/geom/encoding/wkb/internal/tcase/token/token.go:78.35,80.4 1 1
github.com/go-spatial/tegola/geom/encoding/wkb/internal/tcase/token/token.go:81.36,83.18 2 1
github.com/go-spatial/tegola/geom/encoding/wkb/internal/tcase/token/token.go:83.18,85.5 1 1
github.com/go-spatial/tegola/geom/encoding/wkb/internal/tcase/token/token.go:91.36,93.17 1 0
github.com/go-spatial/tegola/geom/encoding/wkb/internal/tcase/token/token.go:93.17,94.19 1 0
github.com/go-spatial/tegola/geom/encoding/wkb/internal/tcase/token/token.go:95.37,96.12 1 0
github.com/go-spatial/tegola/geom/encoding/wkb/internal/tcase/token/token.go:97.23,98.20 1 0
github.com/go-spatial/tegola/geom/encoding/wkb/internal/tcase/token/token.go:99.25,100.24 1 0
github.com/go-spatial/tegola/geom/encoding/wkb/internal/tcase/token/token.go:101.11,102.14 1 0
github.com/go-spatial/tegola/geom/encoding/wkb/internal/tcase/token/token.go:106.26,107.33 1 0
github.com/go-spatial/tegola/geom/encoding/wkb/internal/tcase/token/token.go:107.33,109.3 1 0
github.com/go-spatial/tegola/geom/encoding/wkb/internal/tcase/token/token.go:111.24,112.31 1 0
github.com/go-spatial/tegola/geom/encoding/wkb/internal/tcase/token/token.go:112.31,114.3 1 0
github.com/go-spatial/tegola/geom/encoding/wkb/internal/tcase/token/token.go:118.54,120.6 1 1
github.com/go-spatial/tegola/geom/encoding/wkb/internal/tcase/token/token.go:138.2,140.17 3 1
github.com/go-spatial/tegola/geom/encoding/wkb/internal/tcase/token/token.go:153.2,153.54 1 0
github.com/go-spatial/tegola/geom/encoding/wkb/internal/tcase/token/token.go:120.6,121.19 1 1
github.com/go-spatial/tegola/geom/encoding/wkb/internal/tcase/token/token.go:134.3,134.16 1 1
github.com/go-spatial/tegola/geom/encoding/wkb/internal/tcase/token/token.go:122.23,123.20 1 1
github.com/go-spatial/tegola/geom/encoding/wkb/internal/tcase/token/token.go:124.25,125.24 1 0
github.com/go-spatial/tegola/geom/encoding/wkb/internal/tcase/token/token.go:126.37,127.12 1 1
github.com/go-spatial/tegola/geom/encoding/wkb/internal/tcase/token/token.go:128.22,129.15 1 1
github.com/go-spatial/tegola/geom/encoding/wkb/internal/tcase/token/token.go:130.11,131.65 1 0
github.com/go-spatial/tegola/geom/encoding/wkb/internal/tcase/token/token.go:134.16,136.4 1 0
github.com/go-spatial/tegola/geom/encoding/wkb/internal/tcase/token/token.go:140.17,141.19 1 1
github.com/go-spatial/tegola/geom/encoding/wkb/internal/tcase/token/token.go:142.21,145.23 2 1
github.com/go-spatial/tegola/geom/encoding/wkb/internal/tcase/token/token.go:146.80,148.43 2 1
github.com/go-spatial/tegola/geom/encoding/wkb/internal/tcase/token/token.go:149.11,150.56 1 0
github.com/go-spatial/tegola/geom/encoding/wkb/internal/tcase/token/token.go:156.59,157.22 1 1
github.com/go-spatial/tegola/geom/encoding/wkb/internal/tcase/token/token.go:160.2,160.36 1 1
github.com/go-spatial/tegola/geom/encoding/wkb/internal/tcase/token/token.go:167.2,167.18 1 1
github.com/go-spatial/tegola/geom/encoding/wkb/internal/tcase/token/token.go:157.22,159.3 1 0
github.com/go-spatial/tegola/geom/encoding/wkb/internal/tcase/token/token.go:160.36,162.17 2 1
github.com/go-spatial/tegola/geom/encoding/wkb/internal/tcase/token/token.go:165.3,165.33 1 1
github.com/go-spatial/tegola/geom/encoding/wkb/internal/tcase/token/token.go:162.17,164.4 1 0
github.com/go-spatial/tegola/geom/encoding/wkb/internal/tcase/token/token.go:169.60,171.6 1 1
github.com/go-spatial/tegola/geom/encoding/wkb/internal/tcase/token/token.go:190.2,191.6 2 1
github.com/go-spatial/tegola/geom/encoding/wkb/internal/tcase/token/token.go:234.2,234.55 1 0
github.com/go-spatial/tegola/geom/encoding/wkb/internal/tcase/token/token.go:171.6,172.19 1 1
github.com/go-spatial/tegola/geom/encoding/wkb/internal/tcase/token/token.go:186.3,186.16 1 1
github.com/go-spatial/tegola/geom/encoding/wkb/internal/tcase/token/token.go:173.23,174.20 1 0
github.com/go-spatial/tegola/geom/encoding/wkb/internal/tcase/token/token.go:175.25,176.24 1 1
github.com/go-spatial/tegola/geom/encoding/wkb/internal/tcase/token/token.go:177.37,178.12 1 1
github.com/go-spatial/tegola/geom/encoding/wkb/internal/tcase/token/token.go:179.22,181.15 2 1
github.com/go-spatial/tegola/geom/encoding/wkb/internal/tcase/token/token.go:182.11,183.72 1 0
github.com/go-spatial/tegola/geom/encoding/wkb/internal/tcase/token/token.go:186.16,188.4 1 0
github.com/go-spatial/tegola/geom/encoding/wkb/internal/tcase/token/token.go:191.6,192.19 1 1
github.com/go-spatial/tegola/geom/encoding/wkb/internal/tcase/token/token.go:230.3,230.16 1 1
github.com/go-spatial/tegola/geom/encoding/wkb/internal/tcase/token/token.go:193.23,194.20 1 0
github.com/go-spatial/tegola/geom/encoding/wkb/internal/tcase/token/token.go:195.25,196.24 1 1
github.com/go-spatial/tegola/geom/encoding/wkb/internal/tcase/token/token.go:197.36,199.41 2 1
github.com/go-spatial/tegola/geom/encoding/wkb/internal/tcase/token/token.go:200.21,201.12 1 1
github.com/go-spatial/tegola/geom/encoding/wkb/internal/tcase/token/token.go:202.23,204.23 2 1
github.com/go-spatial/tegola/geom/encoding/wkb/internal/tcase/token/token.go:211.4,211.24 1 1
github.com/go-spatial/tegola/geom/encoding/wkb/internal/tcase/token/token.go:212.23,214.23 2 1
github.com/go-spatial/tegola/geom/encoding/wkb/internal/tcase/token/token.go:221.4,222.23 2 1
github.com/go-spatial/tegola/geom/encoding/wkb/internal/tcase/token/token.go:224.20,225.57 1 0
github.com/go-spatial/tegola/geom/encoding/wkb/internal/tcase/token/token.go:226.11,227.68 1 0
github.com/go-spatial/tegola/geom/encoding/wkb/internal/tcase/token/token.go:204.23,206.19 2 1
github.com/go-spatial/tegola/geom/encoding/wkb/internal/tcase/token/token.go:209.5,209.36 1 1
github.com/go-spatial/tegola/geom/encoding/wkb/internal/tcase/token/token.go:206.19,208.6 1 0
github.com/go-spatial/tegola/geom/encoding/wkb/internal/tcase/token/token.go:214.23,216.19 2 0
github.com/go-spatial/tegola/geom/encoding/wkb/internal/tcase/token/token.go:219.5,219.36 1 0
github.com/go-spatial/tegola/geom/encoding/wkb/internal/tcase/token/token.go:216.19,218.6 1 0
github.com/go-spatial/tegola/geom/encoding/wkb/internal/tcase/token/token.go:230.16,231.9 1 0
github.com/go-spatial/tegola/geom/encoding/wkb/internal/tcase/token/token.go:237.39,240.6 3 1
github.com/go-spatial/tegola/geom/encoding/wkb/internal/tcase/token/token.go:256.2,256.10 1 0
github.com/go-spatial/tegola/geom/encoding/wkb/internal/tcase/token/token.go:240.6,241.19 1 1
github.com/go-spatial/tegola/geom/encoding/wkb/internal/tcase/token/token.go:242.33,243.14 1 1
github.com/go-spatial/tegola/geom/encoding/wkb/internal/tcase/token/token.go:246.4,248.31 3 1
github.com/go-spatial/tegola/geom/encoding/wkb/internal/tcase/token/token.go:249.21,251.31 2 1
github.com/go-spatial/tegola/geom/encoding/wkb/internal/tcase/token/token.go:252.11,253.12 1 1
github.com/go-spatial/tegola/geom/encoding/wkb/internal/tcase/token/token.go:243.14,245.5 1 0
github.com/go-spatial/tegola/geom/encoding/wkb/internal/tcase/token/token.go:259.45,264.6 3 1
github.com/go-spatial/tegola/geom/encoding/wkb/internal/tcase/token/token.go:299.2,299.42 1 1
github.com/go-spatial/tegola/geom/encoding/wkb/internal/tcase/token/token.go:264.6,265.19 1 1
github.com/go-spatial/tegola/geom/encoding/wkb/internal/tcase/token/token.go:267.26,268.12 1 1
github.com/go-spatial/tegola/geom/encoding/wkb/internal/tcase/token/token.go:269.19,270.15 1 1
github.com/go-spatial/tegola/geom/encoding/wkb/internal/tcase/token/token.go:273.4,275.31 3 1
github.com/go-spatial/tegola/geom/encoding/wkb/internal/tcase/token/token.go:276.33,277.14 1 1
github.com/go-spatial/tegola/geom/encoding/wkb/internal/tcase/token/token.go:280.4,282.31 3 1
github.com/go-spatial/tegola/geom/encoding/wkb/internal/tcase/token/token.go:283.21,285.31 2 1
github.com/go-spatial/tegola/geom/encoding/wkb/internal/tcase/token/token.go:286.22,288.17 2 1
github.com/go-spatial/tegola/geom/encoding/wkb/internal/tcase/token/token.go:291.4,293.42 3 1
github.com/go-spatial/tegola/geom/encoding/wkb/internal/tcase/token/token.go:295.11,296.14 1 1
github.com/go-spatial/tegola/geom/encoding/wkb/internal/tcase/token/token.go:270.15,271.15 1 0
github.com/go-spatial/tegola/geom/encoding/wkb/internal/tcase/token/token.go:277.14,278.15 1 0
github.com/go-spatial/tegola/geom/encoding/wkb/internal/tcase/token/token.go:288.17,289.15 1 1
github.com/go-spatial/tegola/geom/encoding/wkb/internal/tcase/token/token.go:302.53,306.6 3 1
github.com/go-spatial/tegola/geom/encoding/wkb/internal/tcase/token/token.go:338.2,338.77 1 0
github.com/go-spatial/tegola/geom/encoding/wkb/internal/tcase/token/token.go:306.6,307.19 1 1
github.com/go-spatial/tegola/geom/encoding/wkb/internal/tcase/token/token.go:308.21,310.12 1 1
github.com/go-spatial/tegola/geom/encoding/wkb/internal/tcase/token/token.go:311.23,312.20 1 1
github.com/go-spatial/tegola/geom/encoding/wkb/internal/tcase/token/token.go:313.59,314.23 1 1
github.com/go-spatial/tegola/geom/encoding/wkb/internal/tcase/token/token.go:317.4,318.18 2 1
github.com/go-spatial/tegola/geom/encoding/wkb/internal/tcase/token/token.go:321.4,322.21 2 1
github.com/go-spatial/tegola/geom/encoding/wkb/internal/tcase/token/token.go:325.21,326.24 1 1
github.com/go-spatial/tegola/geom/encoding/wkb/internal/tcase/token/token.go:329.4,331.12 3 1
github.com/go-spatial/tegola/geom/encoding/wkb/internal/tcase/token/token.go:332.20,333.18 1 0
github.com/go-spatial/tegola/geom/encoding/wkb/internal/tcase/token/token.go:334.11,335.95 1 0
github.com/go-spatial/tegola/geom/encoding/wkb/internal/tcase/token/token.go:314.23,316.5 1 0
github.com/go-spatial/tegola/geom/encoding/wkb/internal/tcase/token/token.go:318.18,320.5 1 0
github.com/go-spatial/tegola/geom/encoding/wkb/internal/tcase/token/token.go:322.21,324.5 1 1
github.com/go-spatial/tegola/geom/encoding/wkb/internal/tcase/token/token.go:326.24,328.5 1 0
github.com/go-spatial/tegola/geom/encoding/wkb/internal/tcase/token/token.go:341.64,344.17 2 1
github.com/go-spatial/tegola/geom/encoding/wkb/internal/tcase/token/token.go:378.2,378.66 1 0
github.com/go-spatial/tegola/geom/encoding/wkb/internal/tcase/token/token.go:344.17,345.19 1 1
github.com/go-spatial/tegola/geom/encoding/wkb/internal/tcase/token/token.go:346.37,348.12 1 1
github.com/go-spatial/tegola/geom/encoding/wkb/internal/tcase/token/token.go:349.23,351.20 1 1
github.com/go-spatial/tegola/geom/encoding/wkb/internal/tcase/token/token.go:352.25,353.24 1 1
github.com/go-spatial/tegola/geom/encoding/wkb/internal/tcase/token/token.go:354.20,356.12 2 1
github.com/go-spatial/tegola/geom/encoding/wkb/internal/tcase/token/token.go:357.21,359.19 2 1
github.com/go-spatial/tegola/geom/encoding/wkb/internal/tcase/token/token.go:360.59,361.22 1 1
github.com/go-spatial/tegola/geom/encoding/wkb/internal/tcase/token/token.go:365.4,366.18 2 1
github.com/go-spatial/tegola/geom/encoding/wkb/internal/tcase/token/token.go:369.4,369.25 1 1
github.com/go-spatial/tegola/geom/encoding/wkb/internal/tcase/token/token.go:371.11,372.22 1 0
github.com/go-spatial/tegola/geom/encoding/wkb/internal/tcase/token/token.go:375.4,375.74 1 0
github.com/go-spatial/tegola/geom/encoding/wkb/internal/tcase/token/token.go:361.22,363.5 1 0
github.com/go-spatial/tegola/geom/encoding/wkb/internal/tcase/token/token.go:366.18,368.5 1 0
github.com/go-spatial/tegola/geom/encoding/wkb/internal/tcase/token/token.go:372.22,374.5 1 0
github.com/go-spatial/tegola/geom/encoding/wkb/internal/tcase/token/token.go:381.64,384.17 2 1
github.com/go-spatial/tegola/geom/encoding/wkb/internal/tcase/token/token.go:415.2,415.66 1 0
github.com/go-spatial/tegola/geom/encoding/wkb/internal/tcase/token/token.go:384.17,385.19 1 1
github.com/go-spatial/tegola/geom/encoding/wkb/internal/tcase/token/token.go:386.37,388.12 1 1
github.com/go-spatial/tegola/geom/encoding/wkb/internal/tcase/token/token.go:389.23,391.20 1 1
github.com/go-spatial/tegola/geom/encoding/wkb/internal/tcase/token/token.go:392.25,393.24 1 1
github.com/go-spatial/tegola/geom/encoding/wkb/internal/tcase/token/token.go:394.23,396.12 2 1
github.com/go-spatial/tegola/geom/encoding/wkb/internal/tcase/token/token.go:397.24,399.19 2 1
github.com/go-spatial/tegola/geom/encoding/wkb/internal/tcase/token/token.go:400.59,401.22 1 1
github.com/go-spatial/tegola/geom/encoding/wkb/internal/tcase/token/token.go:405.4,406.18 2 1
github.com/go-spatial/tegola/geom/encoding/wkb/internal/tcase/token/token.go:409.4,409.25 1 1
github.com/go-spatial/tegola/geom/encoding/wkb/internal/tcase/token/token.go:411.11,412.74 1 0
github.com/go-spatial/tegola/geom/encoding/wkb/internal/tcase/token/token.go:401.22,403.5 1 0
github.com/go-spatial/tegola/geom/encoding/wkb/internal/tcase/token/token.go:406.18,408.5 1 0
github.com/go-spatial/tegola/geom/encoding/wkb/internal/tcase/token/token.go:418.74,421.17 2 1
github.com/go-spatial/tegola/geom/encoding/wkb/internal/tcase/token/token.go:455.2,455.14 1 0
github.com/go-spatial/tegola/geom/encoding/wkb/internal/tcase/token/token.go:458.2,458.72 1 0
github.com/go-spatial/tegola/geom/encoding/wkb/internal/tcase/token/token.go:421.17,422.19 1 1
github.com/go-spatial/tegola/geom/encoding/wkb/internal/tcase/token/token.go:423.37,425.12 1 1
github.com/go-spatial/tegola/geom/encoding/wkb/internal/tcase/token/token.go:426.23,428.20 1 1
github.com/go-spatial/tegola/geom/encoding/wkb/internal/tcase/token/token.go:429.25,430.24 1 0
github.com/go-spatial/tegola/geom/encoding/wkb/internal/tcase/token/token.go:431.24,433.12 2 1
github.com/go-spatial/tegola/geom/encoding/wkb/internal/tcase/token/token.go:434.25,436.19 2 1
github.com/go-spatial/tegola/geom/encoding/wkb/internal/tcase/token/token.go:437.23,438.16 1 1
github.com/go-spatial/tegola/geom/encoding/wkb/internal/tcase/token/token.go:442.4,443.18 2 1
github.com/go-spatial/tegola/geom/encoding/wkb/internal/tcase/token/token.go:446.4,446.25 1 1
github.com/go-spatial/tegola/geom/encoding/wkb/internal/tcase/token/token.go:448.11,449.16 1 0
github.com/go-spatial/tegola/geom/encoding/wkb/internal/tcase/token/token.go:452.4,452.80 1 0
github.com/go-spatial/tegola/geom/encoding/wkb/internal/tcase/token/token.go:438.16,440.5 1 0
github.com/go-spatial/tegola/geom/encoding/wkb/internal/tcase/token/token.go:443.18,445.5 1 0
github.com/go-spatial/tegola/geom/encoding/wkb/internal/tcase/token/token.go:449.16,451.5 1 0
github.com/go-spatial/tegola/geom/encoding/wkb/internal/tcase/token/token.go:455.14,457.3 1 0
github.com/go-spatial/tegola/geom/encoding/wkb/internal/tcase/token/token.go:460.58,464.17 2 1
github.com/go-spatial/tegola/geom/encoding/wkb/internal/tcase/token/token.go:500.2,500.14 1 0
github.com/go-spatial/tegola/geom/encoding/wkb/internal/tcase/token/token.go:503.2,503.71 1 0
github.com/go-spatial/tegola/geom/encoding/wkb/internal/tcase/token/token.go:464.17,465.19 1 1
github.com/go-spatial/tegola/geom/encoding/wkb/internal/tcase/token/token.go:466.37,468.12 1 1
github.com/go-spatial/tegola/geom/encoding/wkb/internal/tcase/token/token.go:469.23,471.20 1 1
github.com/go-spatial/tegola/geom/encoding/wkb/internal/tcase/token/token.go:472.25,473.24 1 0
github.com/go-spatial/tegola/geom/encoding/wkb/internal/tcase/token/token.go:474.21,476.12 2 1
github.com/go-spatial/tegola/geom/encoding/wkb/internal/tcase/token/token.go:477.22,479.19 2 1
github.com/go-spatial/tegola/geom/encoding/wkb/internal/tcase/token/token.go:480.23,481.16 1 1
github.com/go-spatial/tegola/geom/encoding/wkb/internal/tcase/token/token.go:485.4,486.18 2 1
github.com/go-spatial/tegola/geom/encoding/wkb/internal/tcase/token/token.go:489.4,489.25 1 1
github.com/go-spatial/tegola/geom/encoding/wkb/internal/tcase/token/token.go:490.20,491.14 1 0
github.com/go-spatial/tegola/geom/encoding/wkb/internal/tcase/token/token.go:493.11,494.16 1 0
github.com/go-spatial/tegola/geom/encoding/wkb/internal/tcase/token/token.go:497.4,497.115 1 0
github.com/go-spatial/tegola/geom/encoding/wkb/internal/tcase/token/token.go:481.16,483.5 1 0
github.com/go-spatial/tegola/geom/encoding/wkb/internal/tcase/token/token.go:486.18,488.5 1 0
github.com/go-spatial/tegola/geom/encoding/wkb/internal/tcase/token/token.go:494.16,496.5 1 0
github.com/go-spatial/tegola/geom/encoding/wkb/internal/tcase/token/token.go:500.14,502.3 1 0
github.com/go-spatial/tegola/geom/encoding/wkb/internal/tcase/token/token.go:505.68,509.17 2 1
github.com/go-spatial/tegola/geom/encoding/wkb/internal/tcase/token/token.go:545.2,545.14 1 0
github.com/go-spatial/tegola/geom/encoding/wkb/internal/tcase/token/token.go:548.2,548.69 1 0
github.com/go-spatial/tegola/geom/encoding/wkb/internal/tcase/token/token.go:509.17,510.19 1 1
github.com/go-spatial/tegola/geom/encoding/wkb/internal/tcase/token/token.go:511.37,513.12 1 1
github.com/go-spatial/tegola/geom/encoding/wkb/internal/tcase/token/token.go:514.23,516.20 1 0
github.com/go-spatial/tegola/geom/encoding/wkb/internal/tcase/token/token.go:517.25,518.24 1 0
github.com/go-spatial/tegola/geom/encoding/wkb/internal/tcase/token/token.go:519.22,521.12 2 1
github.com/go-spatial/tegola/geom/encoding/wkb/internal/tcase/token/token.go:522.21,523.16 1 1
github.com/go-spatial/tegola/geom/encoding/wkb/internal/tcase/token/token.go:527.4,528.18 2 1
github.com/go-spatial/tegola/geom/encoding/wkb/internal/tcase/token/token.go:531.4,531.25 1 1
github.com/go-spatial/tegola/geom/encoding/wkb/internal/tcase/token/token.go:532.23,534.19 2 1
github.com/go-spatial/tegola/geom/encoding/wkb/internal/tcase/token/token.go:535.20,536.14 1 0
github.com/go-spatial/tegola/geom/encoding/wkb/internal/tcase/token/token.go:538.11,539.16 1 0
github.com/go-spatial/tegola/geom/encoding/wkb/internal/tcase/token/token.go:542.4,542.77 1 0
github.com/go-spatial/tegola/geom/encoding/wkb/internal/tcase/token/token.go:523.16,525.5 1 0
github.com/go-spatial/tegola/geom/encoding/wkb/internal/tcase/token/token.go:528.18,530.5 1 0
github.com/go-spatial/tegola/geom/encoding/wkb/internal/tcase/token/token.go:539.16,541.5 1 0
github.com/go-spatial/tegola/geom/encoding/wkb/internal/tcase/token/token.go:545.14,547.3 1 0
github.com/go-spatial/tegola/geom/encoding/wkb/internal/tcase/token/token.go:550.64,554.17 2 1
github.com/go-spatial/tegola/geom/encoding/wkb/internal/tcase/token/token.go:649.2,649.14 1 0
github.com/go-spatial/tegola/geom/encoding/wkb/internal/tcase/token/token.go:652.2,652.69 1 0
github.com/go-spatial/tegola/geom/encoding/wkb/internal/tcase/token/token.go:554.17,555.19 1 1
github.com/go-spatial/tegola/geom/encoding/wkb/internal/tcase/token/token.go:556.37,558.12 1 1
github.com/go-spatial/tegola/geom/encoding/wkb/internal/tcase/token/token.go:559.23,561.20 1 0
github.com/go-spatial/tegola/geom/encoding/wkb/internal/tcase/token/token.go:562.25,563.24 1 0
github.com/go-spatial/tegola/geom/encoding/wkb/internal/tcase/token/token.go:565.21,566.16 1 1
github.com/go-spatial/tegola/geom/encoding/wkb/internal/tcase/token/token.go:571.4,572.18 2 0
github.com/go-spatial/tegola/geom/encoding/wkb/internal/tcase/token/token.go:575.4,575.26 1 0
github.com/go-spatial/tegola/geom/encoding/wkb/internal/tcase/token/token.go:577.59,578.16 1 0
github.com/go-spatial/tegola/geom/encoding/wkb/internal/tcase/token/token.go:581.4,582.18 2 0
github.com/go-spatial/tegola/geom/encoding/wkb/internal/tcase/token/token.go:585.4,585.25 1 0
github.com/go-spatial/tegola/geom/encoding/wkb/internal/tcase/token/token.go:586.20,587.16 1 0
github.com/go-spatial/tegola/geom/encoding/wkb/internal/tcase/token/token.go:590.4,591.18 2 0
github.com/go-spatial/tegola/geom/encoding/wkb/internal/tcase/token/token.go:594.4,594.25 1 0
github.com/go-spatial/tegola/geom/encoding/wkb/internal/tcase/token/token.go:596.23,597.16 1 0
github.com/go-spatial/tegola/geom/encoding/wkb/internal/tcase/token/token.go:600.4,601.18 2 0
github.com/go-spatial/tegola/geom/encoding/wkb/internal/tcase/token/token.go:604.4,604.25 1 0
github.com/go-spatial/tegola/geom/encoding/wkb/internal/tcase/token/token.go:605.24,606.16 1 0
github.com/go-spatial/tegola/geom/encoding/wkb/internal/tcase/token/token.go:609.4,610.18 2 0
github.com/go-spatial/tegola/geom/encoding/wkb/internal/tcase/token/token.go:613.4,613.25 1 0
github.com/go-spatial/tegola/geom/encoding/wkb/internal/tcase/token/token.go:615.21,616.16 1 0
github.com/go-spatial/tegola/geom/encoding/wkb/internal/tcase/token/token.go:620.4,621.18 2 0
github.com/go-spatial/tegola/geom/encoding/wkb/internal/tcase/token/token.go:624.4,624.25 1 0
github.com/go-spatial/tegola/geom/encoding/wkb/internal/tcase/token/token.go:625.22,626.16 1 1
github.com/go-spatial/tegola/geom/encoding/wkb/internal/tcase/token/token.go:630.4,631.18 2 1
github.com/go-spatial/tegola/geom/encoding/wkb/internal/tcase/token/token.go:634.4,634.25 1 1
github.com/go-spatial/tegola/geom/encoding/wkb/internal/tcase/token/token.go:636.22,638.19 2 1
github.com/go-spatial/tegola/geom/encoding/wkb/internal/tcase/token/token.go:639.20,640.14 1 0
github.com/go-spatial/tegola/geom/encoding/wkb/internal/tcase/token/token.go:642.11,643.16 1 0
github.com/go-spatial/tegola/geom/encoding/wkb/internal/tcase/token/token.go:646.4,646.77 1 0
github.com/go-spatial/tegola/geom/encoding/wkb/internal/tcase/token/token.go:566.16,569.10 3 1
github.com/go-spatial/tegola/geom/encoding/wkb/internal/tcase/token/token.go:572.18,574.5 1 0
github.com/go-spatial/tegola/geom/encoding/wkb/internal/tcase/token/token.go:578.16,580.5 1 0
github.com/go-spatial/tegola/geom/encoding/wkb/internal/tcase/token/token.go:582.18,584.5 1 0
github.com/go-spatial/tegola/geom/encoding/wkb/internal/tcase/token/token.go:587.16,589.5 1 0
github.com/go-spatial/tegola/geom/encoding/wkb/internal/tcase/token/token.go:591.18,593.5 1 0
github.com/go-spatial/tegola/geom/encoding/wkb/internal/tcase/token/token.go:597.16,599.5 1 0
github.com/go-spatial/tegola/geom/encoding/wkb/internal/tcase/token/token.go:601.18,603.5 1 0
github.com/go-spatial/tegola/geom/encoding/wkb/internal/tcase/token/token.go:606.16,608.5 1 0
github.com/go-spatial/tegola/geom/encoding/wkb/internal/tcase/token/token.go:610.18,612.5 1 0
github.com/go-spatial/tegola/geom/encoding/wkb/internal/tcase/token/token.go:616.16,618.5 1 0
github.com/go-spatial/tegola/geom/encoding/wkb/internal/tcase/token/token.go:621.18,623.5 1 0
github.com/go-spatial/tegola/geom/encoding/wkb/internal/tcase/token/token.go:626.16,628.5 1 0
github.com/go-spatial/tegola/geom/encoding/wkb/internal/tcase/token/token.go:631.18,633.5 1 0
github.com/go-spatial/tegola/geom/encoding/wkb/internal/tcase/token/token.go:643.16,645.5 1 0
github.com/go-spatial/tegola/geom/encoding/wkb/internal/tcase/token/token.go:649.14,651.3 1 0
github.com/go-spatial/tegola/geom/encoding/wkb/internal/tcase/token/token.go:655.63,658.17 1 0
github.com/go-spatial/tegola/geom/encoding/wkb/internal/tcase/token/token.go:725.2,725.84 1 0
github.com/go-spatial/tegola/geom/encoding/wkb/internal/tcase/token/token.go:658.17,659.19 1 0
github.com/go-spatial/tegola/geom/encoding/wkb/internal/tcase/token/token.go:660.37,662.12 1 0
github.com/go-spatial/tegola/geom/encoding/wkb/internal/tcase/token/token.go:663.23,665.20 1 0
github.com/go-spatial/tegola/geom/encoding/wkb/internal/tcase/token/token.go:666.25,667.24 1 0
github.com/go-spatial/tegola/geom/encoding/wkb/internal/tcase/token/token.go:669.21,671.18 2 0
github.com/go-spatial/tegola/geom/encoding/wkb/internal/tcase/token/token.go:674.4,675.31 2 0
github.com/go-spatial/tegola/geom/encoding/wkb/internal/tcase/token/token.go:678.4,678.20 1 0
github.com/go-spatial/tegola/geom/encoding/wkb/internal/tcase/token/token.go:680.59,682.18 2 0
github.com/go-spatial/tegola/geom/encoding/wkb/internal/tcase/token/token.go:685.4,685.18 1 0
github.com/go-spatial/tegola/geom/encoding/wkb/internal/tcase/token/token.go:686.20,688.18 2 0
github.com/go-spatial/tegola/geom/encoding/wkb/internal/tcase/token/token.go:691.4,691.18 1 0
github.com/go-spatial/tegola/geom/encoding/wkb/internal/tcase/token/token.go:693.23,695.18 2 0
github.com/go-spatial/tegola/geom/encoding/wkb/internal/tcase/token/token.go:698.4,698.18 1 0
github.com/go-spatial/tegola/geom/encoding/wkb/internal/tcase/token/token.go:699.24,701.18 2 0
github.com/go-spatial/tegola/geom/encoding/wkb/internal/tcase/token/token.go:704.4,704.18 1 0
github.com/go-spatial/tegola/geom/encoding/wkb/internal/tcase/token/token.go:706.21,709.18 2 0
github.com/go-spatial/tegola/geom/encoding/wkb/internal/tcase/token/token.go:712.4,712.18 1 0
github.com/go-spatial/tegola/geom/encoding/wkb/internal/tcase/token/token.go:713.22,716.18 2 0
github.com/go-spatial/tegola/geom/encoding/wkb/internal/tcase/token/token.go:719.4,719.18 1 0
github.com/go-spatial/tegola/geom/encoding/wkb/internal/tcase/token/token.go:721.11,722.14 1 0
github.com/go-spatial/tegola/geom/encoding/wkb/internal/tcase/token/token.go:671.18,673.5 1 0
github.com/go-spatial/tegola/geom/encoding/wkb/internal/tcase/token/token.go:675.31,677.5 1 0
github.com/go-spatial/tegola/geom/encoding/wkb/internal/tcase/token/token.go:682.18,684.5 1 0
github.com/go-spatial/tegola/geom/encoding/wkb/internal/tcase/token/token.go:688.18,690.5 1 0
github.com/go-spatial/tegola/geom/encoding/wkb/internal/tcase/token/token.go:695.18,697.5 1 0
github.com/go-spatial/tegola/geom/encoding/wkb/internal/tcase/token/token.go:701.18,703.5 1 0
github.com/go-spatial/tegola/geom/encoding/wkb/internal/tcase/token/token.go:709.18,711.5 1 0
github.com/go-spatial/tegola/geom/encoding/wkb/internal/tcase/token/token.go:716.18,718.5 1 0
github.com/go-spatial/tegola/geom/encoding/wkb/internal/tcase/token/token.go:728.27,730.2 1 1
github.com/go-spatial/tegola/geom/encoding/wkb/internal/tcase/tcase.go:26.65,29.17 3 1
github.com/go-spatial/tegola/geom/encoding/wkb/internal/tcase/tcase.go:83.2,84.19 2 1
github.com/go-spatial/tegola/geom/encoding/wkb/internal/tcase/tcase.go:29.17,31.16 2 1
github.com/go-spatial/tegola/geom/encoding/wkb/internal/tcase/tcase.go:34.3,35.17 2 1
github.com/go-spatial/tegola/geom/encoding/wkb/internal/tcase/tcase.go:39.3,39.41 1 1
github.com/go-spatial/tegola/geom/encoding/wkb/internal/tcase/tcase.go:31.16,32.9 1 1
github.com/go-spatial/tegola/geom/encoding/wkb/internal/tcase/tcase.go:35.17,38.4 2 0
github.com/go-spatial/tegola/geom/encoding/wkb/internal/tcase/tcase.go:40.15,41.17 1 1
github.com/go-spatial/tegola/geom/encoding/wkb/internal/tcase/tcase.go:44.4,45.71 2 1
github.com/go-spatial/tegola/geom/encoding/wkb/internal/tcase/tcase.go:46.16,47.17 1 1
github.com/go-spatial/tegola/geom/encoding/wkb/internal/tcase/tcase.go:50.4,51.18 2 1
github.com/go-spatial/tegola/geom/encoding/wkb/internal/tcase/tcase.go:54.4,54.18 1 1
github.com/go-spatial/tegola/geom/encoding/wkb/internal/tcase/tcase.go:55.14,56.17 1 1
github.com/go-spatial/tegola/geom/encoding/wkb/internal/tcase/tcase.go:59.4,60.15 2 1
github.com/go-spatial/tegola/geom/encoding/wkb/internal/tcase/tcase.go:68.19,69.15 1 0
github.com/go-spatial/tegola/geom/encoding/wkb/internal/tcase/tcase.go:70.19,71.17 1 1
github.com/go-spatial/tegola/geom/encoding/wkb/internal/tcase/tcase.go:74.4,75.18 2 1
github.com/go-spatial/tegola/geom/encoding/wkb/internal/tcase/tcase.go:78.4,78.22 1 1
github.com/go-spatial/tegola/geom/encoding/wkb/internal/tcase/tcase.go:79.11,80.63 1 0
github.com/go-spatial/tegola/geom/encoding/wkb/internal/tcase/tcase.go:41.17,43.5 1 1
github.com/go-spatial/tegola/geom/encoding/wkb/internal/tcase/tcase.go:47.17,49.5 1 0
github.com/go-spatial/tegola/geom/encoding/wkb/internal/tcase/tcase.go:51.18,53.5 1 0
github.com/go-spatial/tegola/geom/encoding/wkb/internal/tcase/tcase.go:56.17,58.5 1 0
github.com/go-spatial/tegola/geom/encoding/wkb/internal/tcase/tcase.go:61.18,62.33 1 1
github.com/go-spatial/tegola/geom/encoding/wkb/internal/tcase/tcase.go:63.15,64.30 1 0
github.com/go-spatial/tegola/geom/encoding/wkb/internal/tcase/tcase.go:65.12,66.87 1 0
github.com/go-spatial/tegola/geom/encoding/wkb/internal/tcase/tcase.go:71.17,73.5 1 0
github.com/go-spatial/tegola/geom/encoding/wkb/internal/tcase/tcase.go:75.18,77.5 1 0
github.com/go-spatial/tegola/geom/encoding/wkb/internal/tcase/tcase.go:87.55,89.2 1 0
github.com/go-spatial/tegola/geom/encoding/wkb/internal/tcase/tcase.go:90.46,92.16 2 1
github.com/go-spatial/tegola/geom/encoding/wkb/internal/tcase/tcase.go:95.2,96.30 2 1
github.com/go-spatial/tegola/geom/encoding/wkb/internal/tcase/tcase.go:92.16,94.3 1 0
github.com/go-spatial/tegola/geom/encoding/wkb/internal/tcase/tcase.go:101.59,103.16 2 0
github.com/go-spatial/tegola/geom/encoding/wkb/internal/tcase/tcase.go:106.2,107.30 2 0
github.com/go-spatial/tegola/geom/encoding/wkb/internal/tcase/tcase.go:113.1,114.26 1 0
github.com/go-spatial/tegola/geom/encoding/wkb/internal/tcase/tcase.go:133.2,133.23 1 0
github.com/go-spatial/tegola/geom/encoding/wkb/internal/tcase/tcase.go:103.16,105.3 1 0
github.com/go-spatial/tegola/geom/encoding/wkb/internal/tcase/tcase.go:107.30,109.25 2 0
github.com/go-spatial/tegola/geom/encoding/wkb/internal/tcase/tcase.go:109.25,111.4 1 0
github.com/go-spatial/tegola/geom/encoding/wkb/internal/tcase/tcase.go:114.26,117.23 3 0
github.com/go-spatial/tegola/geom/encoding/wkb/internal/tcase/tcase.go:120.3,120.23 1 0
github.com/go-spatial/tegola/geom/encoding/wkb/internal/tcase/tcase.go:131.3,131.59 1 0
github.com/go-spatial/tegola/geom/encoding/wkb/internal/tcase/tcase.go:117.23,118.12 1 0
github.com/go-spatial/tegola/geom/encoding/wkb/internal/tcase/tcase.go:120.23,122.26 1 0
github.com/go-spatial/tegola/geom/encoding/wkb/internal/tcase/tcase.go:128.4,128.23 1 0
github.com/go-spatial/tegola/geom/encoding/wkb/internal/tcase/tcase.go:122.26,123.27 1 0
github.com/go-spatial/tegola/geom/encoding/wkb/internal/tcase/tcase.go:123.27,124.19 1 0
github.com/go-spatial/tegola/geom/encoding/wkb/internal/tcase/tcase.go:136.61,138.26 2 0
github.com/go-spatial/tegola/geom/encoding/wkb/internal/tcase/tcase.go:144.2,144.12 1 0
github.com/go-spatial/tegola/geom/encoding/wkb/internal/tcase/tcase.go:138.26,139.15 1 0
github.com/go-spatial/tegola/geom/encoding/wkb/internal/tcase/tcase.go:142.3,142.33 1 0
github.com/go-spatial/tegola/geom/encoding/wkb/internal/tcase/tcase.go:139.15,141.4 1 0
